<?xml version="1.0" encoding="UTF-8"?>
<!-- Generated by org.testng.reporters.JUnitReportReporter -->
<testsuite hostname="FULL250-PRT.local" name="Internship.Calendar" tests="1" failures="0" timestamp="20 Feb 2017 10:30:53 GMT" time="195.657" errors="0">
  <testcase name="main" time="195.657" classname="Internship.Calendar"/>
</testsuite> <!-- Internship.Calendar -->
