<?xml version="1.0" encoding="UTF-8"?>
<!-- Generated by org.testng.reporters.JUnitReportReporter -->
<testsuite hostname="FULL250-PRT.local" name="Internship.TestNGdemo" tests="1" failures="0" timestamp="15 Nov 2016 06:27:26 GMT" time="16.904" errors="0">
  <testcase name="bookingPage" time="16.904" classname="Internship.TestNGdemo"/>
</testsuite> <!-- Internship.TestNGdemo -->
